<?xml version="1.0" encoding="UTF-8"?>
<testsuite name="com.bridgelabz.MoodAnalyzerTest" tests="1" skipped="0" failures="0" errors="0" timestamp="2019-11-26T10:13:25" hostname="FH400" time="0.004">
  <properties/>
  <testcase name="givenMessage_WhenProper_Should_Return_Object" classname="com.bridgelabz.MoodAnalyzerTest" time="0.004"/>
  <system-out><![CDATA[]]></system-out>
  <system-err><![CDATA[]]></system-err>
</testsuite>
