<?xml version="1.0" encoding="UTF-8"?>
<testsuite name="com.bridgelabz.MoodAnalyzerTest" tests="1" skipped="0" failures="0" errors="0" timestamp="2019-11-26T09:29:24" hostname="FH400" time="0.009">
  <properties/>
  <testcase name="givenMessage_When_Notproper_Should_Return_NoSuchMethod" classname="com.bridgelabz.MoodAnalyzerTest" time="0.009"/>
  <system-out><![CDATA[]]></system-out>
  <system-err><![CDATA[]]></system-err>
</testsuite>
