<?xml version="1.0" encoding="UTF-8"?>
<testsuite name="com.bridgelabz.MoodAnalyzerTest" tests="1" skipped="0" failures="0" errors="0" timestamp="2019-11-26T05:22:12" hostname="FH400" time="0.011">
  <properties/>
  <testcase name="given_Null_Mood_Should_Throw_Exception" classname="com.bridgelabz.MoodAnalyzerTest" time="0.011"/>
  <system-out><![CDATA[Ability to analyse and respond Happy or Sad Mood
]]></system-out>
  <system-err><![CDATA[]]></system-err>
</testsuite>
